  [1m[36mSQL (0.3ms)[0m  [1mSHOW client_min_messages[0m
  [1m[35mSQL (0.1ms)[0m  SET client_min_messages TO 'panic'
  [1m[36mSQL (0.1ms)[0m  [1mSET standard_conforming_strings = on[0m
  [1m[35mSQL (0.1ms)[0m  SET client_min_messages TO 'notice'
  [1m[36mSQL (0.4ms)[0m  [1mSET time zone 'UTC'[0m
  [1m[35mSQL (0.2ms)[0m  SHOW TIME ZONE
  [1m[36mSQL (4.8ms)[0m  [1m SELECT COUNT(*)
 FROM pg_tables
 WHERE tablename = 'schema_migrations'
 
[0m
  [1m[35mSQL (15.5ms)[0m  CREATE TABLE "schema_migrations" ("version" character varying(255) NOT NULL) 
  [1m[36mSQL (0.2ms)[0m  [1mSHOW search_path[0m
  [1m[35mSQL (3.5ms)[0m   SELECT distinct i.relname, d.indisunique, d.indkey, t.oid
 FROM pg_class t, pg_class i, pg_index d
 WHERE i.relkind = 'i'
 AND d.indexrelid = i.oid
 AND d.indisprimary = 'f'
 AND t.oid = d.indrelid
 AND t.relname = 'schema_migrations'
 AND i.relnamespace IN (SELECT oid FROM pg_namespace WHERE nspname IN ('"$user"','public') )
 ORDER BY i.relname
  [1m[36mSQL (96.8ms)[0m  [1mCREATE UNIQUE INDEX "unique_schema_migrations" ON "schema_migrations" ("version")[0m
  [1m[35mSQL (1.2ms)[0m   SELECT COUNT(*)
 FROM pg_tables
 WHERE tablename = 'schema_info'
 
  [1m[36mSQL (1.2ms)[0m  [1m SELECT COUNT(*)
 FROM pg_tables
 WHERE tablename = 'schema_migrations'
 
[0m
  [1m[35mSQL (1.7ms)[0m   SELECT tablename
 FROM pg_tables
 WHERE schemaname = ANY (current_schemas(false))
  [1m[36mSQL (2.7ms)[0m  [1m SELECT a.attname, format_type(a.atttypid, a.atttypmod), d.adsrc, a.attnotnull
 FROM pg_attribute a LEFT JOIN pg_attrdef d
 ON a.attrelid = d.adrelid AND a.attnum = d.adnum
 WHERE a.attrelid = '"schema_migrations"'::regclass
 AND a.attnum > 0 AND NOT a.attisdropped
 ORDER BY a.attnum
[0m
  [1m[35mSQL (0.3ms)[0m  SELECT "schema_migrations"."version" FROM "schema_migrations"
  [1m[36mSQL (0.9ms)[0m  [1m SELECT tablename
 FROM pg_tables
 WHERE schemaname = ANY (current_schemas(false))
[0m


Started GET "/rails/info/properties" for 127.0.0.1 at Fri Jan 20 18:57:35 +0530 2012
  [1m[36mSQL (0.3ms)[0m  [1mSHOW client_min_messages[0m
  [1m[35mSQL (0.1ms)[0m  SET client_min_messages TO 'panic'
  [1m[36mSQL (0.1ms)[0m  [1mSET standard_conforming_strings = on[0m
  [1m[35mSQL (0.1ms)[0m  SET client_min_messages TO 'notice'
  [1m[36mSQL (0.5ms)[0m  [1mSET time zone 'UTC'[0m
  [1m[35mSQL (0.1ms)[0m  SHOW TIME ZONE
  Processing by Rails::InfoController#properties as HTML
  [1m[36mSQL (3.6ms)[0m  [1m SELECT COUNT(*)
 FROM pg_tables
 WHERE tablename = 'schema_migrations'
 
[0m
  [1m[35mSQL (1.4ms)[0m   SELECT tablename
 FROM pg_tables
 WHERE schemaname = ANY (current_schemas(false))
  [1m[36mSQL (3.3ms)[0m  [1m SELECT a.attname, format_type(a.atttypid, a.atttypmod), d.adsrc, a.attnotnull
 FROM pg_attribute a LEFT JOIN pg_attrdef d
 ON a.attrelid = d.adrelid AND a.attnum = d.adnum
 WHERE a.attrelid = '"schema_migrations"'::regclass
 AND a.attnum > 0 AND NOT a.attisdropped
 ORDER BY a.attnum
[0m
  [1m[35mSQL (0.4ms)[0m  SELECT "schema_migrations"."version" FROM "schema_migrations"
Rendered inline template (0.5ms)
Completed 200 OK in 110ms (Views: 2.1ms | ActiveRecord: 9.9ms)


Started GET "/rails/info/properties" for 127.0.0.1 at Fri Jan 20 18:57:37 +0530 2012
  Processing by Rails::InfoController#properties as HTML
Rendered inline template (0.4ms)
Completed 200 OK in 2ms (Views: 1.1ms | ActiveRecord: 0.0ms)


Started GET "/rails/info/properties" for 127.0.0.1 at Fri Jan 20 18:57:38 +0530 2012
  Processing by Rails::InfoController#properties as HTML
Rendered inline template (0.6ms)
Completed 200 OK in 3ms (Views: 1.6ms | ActiveRecord: 0.0ms)


Started GET "/rails/info/properties" for 127.0.0.1 at Fri Jan 20 18:58:21 +0530 2012
  Processing by Rails::InfoController#properties as HTML
Rendered inline template (0.5ms)
Completed 200 OK in 3ms (Views: 1.5ms | ActiveRecord: 0.0ms)


Started GET "/rails/info/properties" for 127.0.0.1 at Fri Jan 20 18:58:23 +0530 2012
  Processing by Rails::InfoController#properties as HTML
Rendered inline template (0.5ms)
Completed 200 OK in 2ms (Views: 1.5ms | ActiveRecord: 0.0ms)


Started GET "/rails/info/properties" for 127.0.0.1 at Fri Jan 20 19:03:02 +0530 2012
  Processing by Rails::InfoController#properties as HTML
Rendered inline template (0.6ms)
Completed 200 OK in 3ms (Views: 1.6ms | ActiveRecord: 0.0ms)
